<?xml version="1.0" encoding="UTF-8"?>
<!-- Generated by org.testng.reporters.JUnitXMLReporter -->
<testsuite ignored="0" hostname="DESKTOP-7SBKKJ1" failures="0" tests="3" name="API Testing" time="11.649" errors="0" timestamp="2025-03-06T21:30:17 IST">
  <testcase classname="DEV_APIs.Token_Genrate" name="testInitiateAuth" time="4.981"/>
  <testcase classname="DEV_APIs.Token_Genrate" name="testRespondToAuthChallenge" time="2.664"/>
  <testcase classname="DEV_APIs.BOOKING_Controller_APIs" name="EmployeeDataByMspin" time="3.923"/>
</testsuite> <!-- API Testing -->
