<?xml version="1.0" encoding="UTF-8"?>
<!-- Generated by org.testng.reporters.JUnitXMLReporter -->
<testsuite ignored="0" hostname="DESKTOP-CHDTIFA" failures="3" tests="33" name="API_TestCases" time="147.501" errors="0" timestamp="2025-03-19T11:39:31 IST">
  <testcase classname="uAT_APIs.TOKEN_Generate" name="Generate_Session" time="4.282"/>
  <testcase classname="uAT_APIs.TOKEN_Generate" name="GenerateToken" time="2.598"/>
  <testcase classname="uAT_APIs.Booking_Controller_APIs" name="UserLoginData" time="0.663"/>
  <testcase classname="uAT_APIs.Booking_Controller_APIs" name="UpdateVehicleStatus" time="0.407"/>
  <testcase classname="uAT_APIs.Booking_Controller_APIs" name="UpdateCustomerTAG" time="0.496"/>
  <testcase classname="uAT_APIs.Booking_Controller_APIs" name="Update_CustomerExpected_Date" time="0.409"/>
  <testcase classname="uAT_APIs.Booking_Controller_APIs" name="getSubTabs" time="0.387"/>
  <testcase classname="uAT_APIs.Booking_Controller_APIs" name="getReceiptDetails" time="0.349"/>
  <testcase classname="uAT_APIs.Booking_Controller_APIs" name="getLoanStatus" time="0.606">
    <failure type="java.lang.AssertionError" message="Expected status code 200 OK, but received: 500 (Internal Server Error) expected [200] but found [500]">
      <![CDATA[java.lang.AssertionError: Expected status code 200 OK, but received: 500 (Internal Server Error) expected [200] but found [500]
at uAT_APIs.Booking_Controller_APIs.StatusCode(Booking_Controller_APIs.java:517)
at uAT_APIs.Booking_Controller_APIs.getLoanStatus(Booking_Controller_APIs.java:193)
at java.base/java.util.ArrayList.forEach(ArrayList.java:1596)
... Removed 30 stack frames]]>
    </failure>
  </testcase> <!-- getLoanStatus -->
  <testcase classname="uAT_APIs.Booking_Controller_APIs" name="getDocumentList" time="0.351"/>
  <testcase classname="uAT_APIs.Booking_Controller_APIs" name="getCustomerSVOC" time="0.361"/>
  <testcase classname="uAT_APIs.Booking_Controller_APIs" name="getBookingsColumnWise" time="0.675"/>
  <testcase classname="uAT_APIs.Booking_Controller_APIs" name="getBookingList" time="0.611"/>
  <testcase classname="uAT_APIs.Booking_Controller_APIs" name="downloadBookingList" time="61.536"/>
  <testcase classname="uAT_APIs.Booking_Controller_APIs" name="EmployeeDataByMspin" time="1.019"/>
  <testcase classname="uAT_APIs.Booking_Controller_APIs" name="getCustomerTAGList" time="0.509"/>
  <testcase classname="uAT_APIs.Booking_Controller_APIs" name="getCustomerTAG_BookingIdv" time="0.372"/>
  <testcase classname="uAT_APIs.Booking_Controller_APIs" name="getColumnNames" time="0.367"/>
  <testcase classname="uAT_APIs.Booking_Controller_APIs" name="getAccesssoriesDetails" time="1.399"/>
  <testcase classname="uAT_APIs.Booking_Controller_APIs" name="Booking_Details_BookingIdv" time="1.839"/>
  <testcase classname="uAT_APIs.Booking_Controller_APIs" name="getDocument" time="30.716">
    <failure type="java.lang.AssertionError" message="Expected status code 200 OK, but received: 500 (Internal Server Error) expected [200] but found [500]">
      <![CDATA[java.lang.AssertionError: Expected status code 200 OK, but received: 500 (Internal Server Error) expected [200] but found [500]
at uAT_APIs.Booking_Controller_APIs.StatusCode(Booking_Controller_APIs.java:517)
at uAT_APIs.Booking_Controller_APIs.getDocument(Booking_Controller_APIs.java:483)
at java.base/java.util.ArrayList.forEach(ArrayList.java:1596)
... Removed 30 stack frames]]>
    </failure>
  </testcase> <!-- getDocument -->
  <testcase classname="uAT_APIs.Booking_Controller_APIs" name="getManualDocket" time="30.715">
    <failure type="java.lang.AssertionError" message="Expected status code 200 OK, but received: 500 (Internal Server Error) expected [200] but found [500]">
      <![CDATA[java.lang.AssertionError: Expected status code 200 OK, but received: 500 (Internal Server Error) expected [200] but found [500]
at uAT_APIs.Booking_Controller_APIs.StatusCode(Booking_Controller_APIs.java:517)
at uAT_APIs.Booking_Controller_APIs.getManualDocket(Booking_Controller_APIs.java:508)
at java.base/java.util.ArrayList.forEach(ArrayList.java:1596)
... Removed 30 stack frames]]>
    </failure>
  </testcase> <!-- getManualDocket -->
  <testcase classname="uAT_APIs.SIP_Customer_Interaction" name="addCustomerQuery" time="0.51"/>
  <testcase classname="uAT_APIs.SIP_Customer_Interaction" name="getQueryCategoryList" time="0.524"/>
  <testcase classname="uAT_APIs.SIP_Customer_Interaction" name="getLatestDispositionById" time="0.493"/>
  <testcase classname="uAT_APIs.SIP_Customer_Interaction" name="getCustomerQueries" time="0.366"/>
  <testcase classname="uAT_APIs.SIP_Customer_Interaction" name="getAll_Dispostion_By_Id" time="0.419"/>
  <testcase classname="uAT_APIs.SIP_Customer_Interaction" name="getVehicleImages" time="0.434"/>
  <testcase classname="uAT_APIs.Reports_ControllerAPIs" name="ZoneWiseReport" time="0.917"/>
  <testcase classname="uAT_APIs.Reports_ControllerAPIs" name="getParentWiseReport" time="0.917"/>
  <testcase classname="uAT_APIs.Reports_ControllerAPIs" name="GetOutlet" time="0.403"/>
  <testcase classname="uAT_APIs.Reports_ControllerAPIs" name="GetOutletWise_Report" time="0.919"/>
  <testcase classname="uAT_APIs.Reports_ControllerAPIs" name="GetDayWise_Report" time="0.733"/>
</testsuite> <!-- API_TestCases -->
