<?xml version="1.0" encoding="UTF-8"?>
<!-- Generated by org.testng.reporters.JUnitXMLReporter -->
<testsuite ignored="0" hostname="DESKTOP-7SBKKJ1" failures="2" tests="2" name="Test" time="4.615" errors="0" timestamp="2025-02-26T16:45:00 IST">
  <testcase classname="API_automation_SIP.java.Api_Testing" name="EmployeeDataByMspin" time="4.538">
    <failure type="java.lang.AssertionError" message="Expected status code is not returned expected [401] but found [200]">
      <![CDATA[java.lang.AssertionError: Expected status code is not returned expected [401] but found [200]
at API_automation_SIP.java.Api_Testing.EmployeeDataByMspin(Api_Testing.java:48)
at java.base/java.util.ArrayList.forEach(ArrayList.java:1597)
... Removed 30 stack frames]]>
    </failure>
  </testcase> <!-- EmployeeDataByMspin -->
  <testcase classname="API_automation_SIP.java.Api_Testing" name="getColumnNames" time="0.006">
    <failure type="java.lang.IllegalArgumentException" message="Header value cannot be null">
      <![CDATA[java.lang.IllegalArgumentException: Header value cannot be null
at org.codehaus.groovy.runtime.callsite.ConstructorSite$ConstructorSiteNoUnwrap.callConstructor(ConstructorSite.java:86)
at org.codehaus.groovy.runtime.callsite.CallSiteArray.defaultCallConstructor(CallSiteArray.java:57)
at org.codehaus.groovy.runtime.callsite.AbstractCallSite.callConstructor(AbstractCallSite.java:263)
at org.codehaus.groovy.runtime.callsite.AbstractCallSite.callConstructor(AbstractCallSite.java:277)
at io.restassured.internal.common.assertion.AssertParameter.notNull(AssertParameter.groovy:26)
at io.restassured.internal.common.assertion.AssertParameter$notNull.callStatic(Unknown Source)
at org.codehaus.groovy.runtime.callsite.CallSiteArray.defaultCallStatic(CallSiteArray.java:53)
at io.restassured.internal.common.assertion.AssertParameter$notNull.callStatic(Unknown Source)
at io.restassured.internal.RequestSpecificationImpl.header(RequestSpecificationImpl.groovy:869)
at API_automation_SIP.java.Api_Testing.getColumnNames(Api_Testing.java:65)
at java.base/java.util.ArrayList.forEach(ArrayList.java:1597)
... Removed 30 stack frames]]>
    </failure>
  </testcase> <!-- getColumnNames -->
</testsuite> <!-- Test -->
