<?xml version="1.0" encoding="UTF-8"?>
<!-- Generated by org.testng.reporters.JUnitXMLReporter -->
<testsuite ignored="0" hostname="DESKTOP-7SBKKJ1" failures="13" tests="24" name="API_TestCases" time="853.751" errors="0" timestamp="2025-03-06T12:12:45 IST">
  <testcase classname="All_Merged_APIs_Cases.Booking_Controller_APIs" name="UserLoginData" time="3.249"/>
  <testcase classname="All_Merged_APIs_Cases.Booking_Controller_APIs" name="UpdateVehicleStatus" time="0.405"/>
  <testcase classname="All_Merged_APIs_Cases.Booking_Controller_APIs" name="UpdateCustomerTAG" time="0.49"/>
  <testcase classname="All_Merged_APIs_Cases.Booking_Controller_APIs" name="Update_CustomerExpected_Date" time="60.307"/>
  <testcase classname="All_Merged_APIs_Cases.Booking_Controller_APIs" name="getSubTabs" time="0.344"/>
  <testcase classname="All_Merged_APIs_Cases.Booking_Controller_APIs" name="getReceiptDetails" time="60.266">
    <failure type="java.lang.AssertionError" message="Expected status code 200 OK, but received: 504 (Gateway Timeout) expected [200] but found [504]">
      <![CDATA[java.lang.AssertionError: Expected status code 200 OK, but received: 504 (Gateway Timeout) expected [200] but found [504]
at All_Merged_APIs_Cases.Booking_Controller_APIs.StatusCode(Booking_Controller_APIs.java:517)
at All_Merged_APIs_Cases.Booking_Controller_APIs.getReceiptDetails(Booking_Controller_APIs.java:168)
at java.base/java.util.ArrayList.forEach(ArrayList.java:1597)
... Removed 30 stack frames]]>
    </failure>
  </testcase> <!-- getReceiptDetails -->
  <testcase classname="All_Merged_APIs_Cases.Booking_Controller_APIs" name="getLoanStatus" time="0.606">
    <failure type="java.lang.AssertionError" message="Expected status code 200 OK, but received: 500 (Internal Server Error) expected [200] but found [500]">
      <![CDATA[java.lang.AssertionError: Expected status code 200 OK, but received: 500 (Internal Server Error) expected [200] but found [500]
at All_Merged_APIs_Cases.Booking_Controller_APIs.StatusCode(Booking_Controller_APIs.java:517)
at All_Merged_APIs_Cases.Booking_Controller_APIs.getLoanStatus(Booking_Controller_APIs.java:192)
at java.base/java.util.ArrayList.forEach(ArrayList.java:1597)
... Removed 30 stack frames]]>
    </failure>
  </testcase> <!-- getLoanStatus -->
  <testcase classname="All_Merged_APIs_Cases.Booking_Controller_APIs" name="getDocumentList" time="60.306">
    <failure type="java.lang.AssertionError" message="Expected status code 200 OK, but received: 504 (Gateway Timeout) expected [200] but found [504]">
      <![CDATA[java.lang.AssertionError: Expected status code 200 OK, but received: 504 (Gateway Timeout) expected [200] but found [504]
at All_Merged_APIs_Cases.Booking_Controller_APIs.StatusCode(Booking_Controller_APIs.java:517)
at All_Merged_APIs_Cases.Booking_Controller_APIs.getDocumentList(Booking_Controller_APIs.java:213)
at java.base/java.util.ArrayList.forEach(ArrayList.java:1597)
... Removed 30 stack frames]]>
    </failure>
  </testcase> <!-- getDocumentList -->
  <testcase classname="All_Merged_APIs_Cases.Booking_Controller_APIs" name="getCustomerSVOC" time="60.522">
    <failure type="java.lang.AssertionError" message="Expected status code 200 OK, but received: 504 (Gateway Timeout) expected [200] but found [504]">
      <![CDATA[java.lang.AssertionError: Expected status code 200 OK, but received: 504 (Gateway Timeout) expected [200] but found [504]
at All_Merged_APIs_Cases.Booking_Controller_APIs.StatusCode(Booking_Controller_APIs.java:517)
at All_Merged_APIs_Cases.Booking_Controller_APIs.getCustomerSVOC(Booking_Controller_APIs.java:234)
at java.base/java.util.ArrayList.forEach(ArrayList.java:1597)
... Removed 30 stack frames]]>
    </failure>
  </testcase> <!-- getCustomerSVOC -->
  <testcase classname="All_Merged_APIs_Cases.Booking_Controller_APIs" name="getBookingsColumnWise" time="60.508">
    <failure type="java.lang.AssertionError" message="Expected status code 200 OK, but received: 504 (Gateway Timeout) expected [200] but found [504]">
      <![CDATA[java.lang.AssertionError: Expected status code 200 OK, but received: 504 (Gateway Timeout) expected [200] but found [504]
at All_Merged_APIs_Cases.Booking_Controller_APIs.StatusCode(Booking_Controller_APIs.java:517)
at All_Merged_APIs_Cases.Booking_Controller_APIs.getBookingsColumnWise(Booking_Controller_APIs.java:255)
at java.base/java.util.ArrayList.forEach(ArrayList.java:1597)
... Removed 30 stack frames]]>
    </failure>
  </testcase> <!-- getBookingsColumnWise -->
  <testcase classname="All_Merged_APIs_Cases.Booking_Controller_APIs" name="getBookingList" time="60.278">
    <failure type="java.lang.AssertionError" message="Expected status code 200 OK, but received: 504 (Gateway Timeout) expected [200] but found [504]">
      <![CDATA[java.lang.AssertionError: Expected status code 200 OK, but received: 504 (Gateway Timeout) expected [200] but found [504]
at All_Merged_APIs_Cases.Booking_Controller_APIs.StatusCode(Booking_Controller_APIs.java:517)
at All_Merged_APIs_Cases.Booking_Controller_APIs.getBookingList(Booking_Controller_APIs.java:288)
at java.base/java.util.ArrayList.forEach(ArrayList.java:1597)
... Removed 30 stack frames]]>
    </failure>
  </testcase> <!-- getBookingList -->
  <testcase classname="All_Merged_APIs_Cases.Booking_Controller_APIs" name="downloadBookingList" time="60.349"/>
  <testcase classname="All_Merged_APIs_Cases.Booking_Controller_APIs" name="EmployeeDataByMspin" time="0.588"/>
  <testcase classname="All_Merged_APIs_Cases.Booking_Controller_APIs" name="getCustomerTAGList" time="60.253">
    <failure type="java.lang.AssertionError" message="Expected status code 200 OK, but received: 504 (Gateway Timeout) expected [200] but found [504]">
      <![CDATA[java.lang.AssertionError: Expected status code 200 OK, but received: 504 (Gateway Timeout) expected [200] but found [504]
at All_Merged_APIs_Cases.Booking_Controller_APIs.StatusCode(Booking_Controller_APIs.java:517)
at All_Merged_APIs_Cases.Booking_Controller_APIs.getCustomerTAGList(Booking_Controller_APIs.java:371)
at java.base/java.util.ArrayList.forEach(ArrayList.java:1597)
... Removed 30 stack frames]]>
    </failure>
  </testcase> <!-- getCustomerTAGList -->
  <testcase classname="All_Merged_APIs_Cases.Booking_Controller_APIs" name="getCustomerTAG_BookingIdv" time="60.369">
    <failure type="java.lang.AssertionError" message="Expected status code 200 OK, but received: 504 (Gateway Timeout) expected [200] but found [504]">
      <![CDATA[java.lang.AssertionError: Expected status code 200 OK, but received: 504 (Gateway Timeout) expected [200] but found [504]
at All_Merged_APIs_Cases.Booking_Controller_APIs.StatusCode(Booking_Controller_APIs.java:517)
at All_Merged_APIs_Cases.Booking_Controller_APIs.getCustomerTAG_BookingIdv(Booking_Controller_APIs.java:391)
at java.base/java.util.ArrayList.forEach(ArrayList.java:1597)
... Removed 30 stack frames]]>
    </failure>
  </testcase> <!-- getCustomerTAG_BookingIdv -->
  <testcase classname="All_Merged_APIs_Cases.Booking_Controller_APIs" name="getColumnNames" time="60.223">
    <failure type="java.lang.AssertionError" message="Expected status code 200 OK, but received: 504 (Gateway Timeout) expected [200] but found [504]">
      <![CDATA[java.lang.AssertionError: Expected status code 200 OK, but received: 504 (Gateway Timeout) expected [200] but found [504]
at All_Merged_APIs_Cases.Booking_Controller_APIs.StatusCode(Booking_Controller_APIs.java:517)
at All_Merged_APIs_Cases.Booking_Controller_APIs.getColumnNames(Booking_Controller_APIs.java:411)
at java.base/java.util.ArrayList.forEach(ArrayList.java:1597)
... Removed 30 stack frames]]>
    </failure>
  </testcase> <!-- getColumnNames -->
  <testcase classname="All_Merged_APIs_Cases.Booking_Controller_APIs" name="getAccesssoriesDetails" time="1.428"/>
  <testcase classname="All_Merged_APIs_Cases.Booking_Controller_APIs" name="Booking_Details_BookingIdv" time="60.396">
    <failure type="java.lang.AssertionError" message="Expected status code 200 OK, but received: 504 (Gateway Timeout) expected [200] but found [504]">
      <![CDATA[java.lang.AssertionError: Expected status code 200 OK, but received: 504 (Gateway Timeout) expected [200] but found [504]
at All_Merged_APIs_Cases.Booking_Controller_APIs.StatusCode(Booking_Controller_APIs.java:517)
at All_Merged_APIs_Cases.Booking_Controller_APIs.Booking_Details_BookingIdv(Booking_Controller_APIs.java:456)
at java.base/java.util.ArrayList.forEach(ArrayList.java:1597)
... Removed 30 stack frames]]>
    </failure>
  </testcase> <!-- Booking_Details_BookingIdv -->
  <testcase classname="All_Merged_APIs_Cases.Booking_Controller_APIs" name="getDocument" time="60.308">
    <failure type="java.lang.AssertionError" message="Expected status code 200 OK, but received: 504 (Gateway Timeout) expected [200] but found [504]">
      <![CDATA[java.lang.AssertionError: Expected status code 200 OK, but received: 504 (Gateway Timeout) expected [200] but found [504]
at All_Merged_APIs_Cases.Booking_Controller_APIs.StatusCode(Booking_Controller_APIs.java:517)
at All_Merged_APIs_Cases.Booking_Controller_APIs.getDocument(Booking_Controller_APIs.java:483)
at java.base/java.util.ArrayList.forEach(ArrayList.java:1597)
... Removed 30 stack frames]]>
    </failure>
  </testcase> <!-- getDocument -->
  <testcase classname="All_Merged_APIs_Cases.Booking_Controller_APIs" name="getManualDocket" time="60.512">
    <failure type="java.lang.AssertionError" message="Expected status code 200 OK, but received: 504 (Gateway Timeout) expected [200] but found [504]">
      <![CDATA[java.lang.AssertionError: Expected status code 200 OK, but received: 504 (Gateway Timeout) expected [200] but found [504]
at All_Merged_APIs_Cases.Booking_Controller_APIs.StatusCode(Booking_Controller_APIs.java:517)
at All_Merged_APIs_Cases.Booking_Controller_APIs.getManualDocket(Booking_Controller_APIs.java:508)
at java.base/java.util.ArrayList.forEach(ArrayList.java:1597)
... Removed 30 stack frames]]>
    </failure>
  </testcase> <!-- getManualDocket -->
  <testcase classname="All_Merged_APIs_Cases.SIP_Customer_Interaction" name="addCustomerQuery" time="0.54"/>
  <testcase classname="All_Merged_APIs_Cases.SIP_Customer_Interaction" name="getQueryCategoryList" time="0.378"/>
  <testcase classname="All_Merged_APIs_Cases.SIP_Customer_Interaction" name="getCustomerQueries" time="0.508"/>
  <testcase classname="All_Merged_APIs_Cases.Reports_ControllerAPIs" name="GetOutlet" time="60.39">
    <failure type="java.lang.AssertionError" message="Expected status code 200 OK, but received: 504 (Gateway Timeout) expected [200] but found [504]">
      <![CDATA[java.lang.AssertionError: Expected status code 200 OK, but received: 504 (Gateway Timeout) expected [200] but found [504]
at All_Merged_APIs_Cases.Reports_ControllerAPIs.StatusCode(Reports_ControllerAPIs.java:44)
at All_Merged_APIs_Cases.Reports_ControllerAPIs.GetOutlet(Reports_ControllerAPIs.java:36)
at java.base/java.util.ArrayList.forEach(ArrayList.java:1597)
... Removed 30 stack frames]]>
    </failure>
  </testcase> <!-- GetOutlet -->
</testsuite> <!-- API_TestCases -->
